<?xml version="1.0" encoding="UTF-8"?>
<!-- Generated by org.testng.reporters.JUnitReportReporter -->
<testsuite hostname="ashishsachan201" failures="0" tests="11" name="QKART_TESTNG.QKART_Tests" time="271.878" errors="0" timestamp="2024-07-31T17:54:01 IST" skipped="0">
  <testcase classname="QKART_TESTNG.QKART_Tests" name="TestCase04" time="18.810"/>
  <system-out/>
  <testcase classname="QKART_TESTNG.QKART_Tests" name="TestCase11" time="31.190"/>
  <system-out/>
  <testcase classname="QKART_TESTNG.QKART_Tests" name="TestCase07" time="46.794"/>
  <system-out/>
  <testcase classname="QKART_TESTNG.QKART_Tests" name="TestCase03" time="34.817"/>
  <system-out/>
  <testcase classname="QKART_TESTNG.QKART_Tests" name="TestCase08" time="19.392"/>
  <system-out/>
  <testcase classname="QKART_TESTNG.QKART_Tests" name="TestCase05" time="27.484"/>
  <system-out/>
  <testcase classname="QKART_TESTNG.QKART_Tests" name="TestCase06" time="34.905"/>
  <system-out/>
  <testcase classname="QKART_TESTNG.QKART_Tests" name="TestCase02" time="35.955"/>
  <system-out/>
  <testcase classname="QKART_TESTNG.QKART_Tests" name="TestCase09" time="9.145"/>
  <system-out/>
  <testcase classname="QKART_TESTNG.QKART_Tests" name="TestCase01" time="9.576"/>
  <system-out/>
  <testcase classname="QKART_TESTNG.QKART_Tests" name="TestCase10" time="3.810"/>
  <system-out/>
</testsuite> <!-- QKART_TESTNG.QKART_Tests -->
